[13:23:16] [main/INFO]: Environment: authHost='https://authserver.mojang.com', accountsHost='https://api.mojang.com', sessionHost='https://sessionserver.mojang.com', name='PROD'
[13:23:16] [main/INFO]: Reloading ResourceManager: Default, bukkit
[13:23:17] [Server-Worker-16/INFO]: Loaded 7 recipes
[13:23:19] [Server thread/INFO]: Starting minecraft server version 1.16.1
[13:23:19] [Server thread/INFO]: Loading properties
[13:23:19] [Server thread/INFO]: This server is running Paper version git-Paper-110 (MC: 1.16.1) (Implementing API version 1.16.1-R0.1-SNAPSHOT)
[13:23:19] [Server thread/INFO]: Debug logging is disabled
[13:23:19] [Server thread/INFO]: Server Ping Player Sample Count: 12
[13:23:19] [Server thread/INFO]: Using 4 threads for Netty based IO
[13:23:19] [Server thread/INFO]: Default game type: SURVIVAL
[13:23:19] [Server thread/INFO]: Generating keypair
[13:23:20] [Server thread/INFO]: Starting Minecraft server on *:25565
[13:23:20] [Server thread/INFO]: Using default channel type
[13:23:20] [Server thread/WARN]: Initializing Legacy Material Support. Unless you have legacy plugins and/or data this is a bug!
[13:23:24] [Server thread/WARN]: Legacy plugin TestPlugin v1.0 does not specify an api-version.
[13:23:24] [Server thread/INFO]: [TestPlugin] Loading TestPlugin v1.0
[13:23:24] [Server thread/INFO]: [Multiverse-Core] Loading Multiverse-Core v4.1.0-b775
[13:23:24] [Server thread/INFO]: Server permissions file permissions.yml is empty, ignoring it
[13:23:24] [Server thread/INFO]: Preparing level "world2"
[13:23:24] [Server thread/INFO]: -------- World Settings For [world2] --------
[13:23:24] [Server thread/INFO]: Mob Spawn Range: 8
[13:23:24] [Server thread/INFO]: Entity Tracking Range: Pl 48 / An 48 / Mo 48 / Mi 32 / Other 64
[13:23:24] [Server thread/INFO]: Allow Zombie Pigmen to spawn from portal blocks: true
[13:23:24] [Server thread/INFO]: Item Merge Radius: 2.5
[13:23:24] [Server thread/INFO]: Item Despawn Rate: 6000
[13:23:24] [Server thread/INFO]: View Distance: 10
[13:23:24] [Server thread/INFO]: Zombie Aggressive Towards Villager: true
[13:23:24] [Server thread/INFO]: Arrow Despawn Rate: 1200 Trident Respawn Rate:1200
[13:23:24] [Server thread/INFO]: Nerfing mobs spawned from spawners: false
[13:23:24] [Server thread/INFO]: Experience Merge Radius: 3.0
[13:23:24] [Server thread/INFO]: Cactus Growth Modifier: 100%
[13:23:24] [Server thread/INFO]: Cane Growth Modifier: 100%
[13:23:24] [Server thread/INFO]: Melon Growth Modifier: 100%
[13:23:24] [Server thread/INFO]: Mushroom Growth Modifier: 100%
[13:23:24] [Server thread/INFO]: Pumpkin Growth Modifier: 100%
[13:23:24] [Server thread/INFO]: Sapling Growth Modifier: 100%
[13:23:24] [Server thread/INFO]: Beetroot Growth Modifier: 100%
[13:23:24] [Server thread/INFO]: Carrot Growth Modifier: 100%
[13:23:24] [Server thread/INFO]: Potato Growth Modifier: 100%
[13:23:24] [Server thread/INFO]: Wheat Growth Modifier: 100%
[13:23:24] [Server thread/INFO]: NetherWart Growth Modifier: 100%
[13:23:24] [Server thread/INFO]: Vine Growth Modifier: 100%
[13:23:24] [Server thread/INFO]: Cocoa Growth Modifier: 100%
[13:23:24] [Server thread/INFO]: Bamboo Growth Modifier: 100%
[13:23:24] [Server thread/INFO]: SweetBerry Growth Modifier: 100%
[13:23:24] [Server thread/INFO]: Kelp Growth Modifier: 100%
[13:23:24] [Server thread/INFO]: Entity Activation Range: An 32 / Mo 32 / Ra 48 / Mi 16 / Tiv true
[13:23:24] [Server thread/INFO]: Hopper Transfer: 8 Hopper Check: 1 Hopper Amount: 1
[13:23:24] [Server thread/INFO]: Custom Map Seeds:  Village: 10387312 Desert: 14357617 Igloo: 14357618 Jungle: 14357619 Swamp: 14357620 Monument: 10387313 Ocean: 14357621 Shipwreck: 165745295 End City: 10387313 Slime: 987234911 Bastion: 30084232 Fortress: 30084232 Mansion: 10387319 Fossil: 14357921 Portal: 34222645
[13:23:24] [Server thread/INFO]: Max TNT Explosions: 100
[13:23:24] [Server thread/INFO]: Tile Max Tick Time: 50ms Entity max Tick Time: 50ms
[13:23:24] [Server thread/INFO]: -------- World Settings For [world2_nether] --------
[13:23:24] [Server thread/INFO]: Mob Spawn Range: 8
[13:23:24] [Server thread/INFO]: Entity Tracking Range: Pl 48 / An 48 / Mo 48 / Mi 32 / Other 64
[13:23:24] [Server thread/INFO]: Allow Zombie Pigmen to spawn from portal blocks: true
[13:23:24] [Server thread/INFO]: Item Merge Radius: 2.5
[13:23:24] [Server thread/INFO]: Item Despawn Rate: 6000
[13:23:24] [Server thread/INFO]: View Distance: 10
[13:23:24] [Server thread/INFO]: Zombie Aggressive Towards Villager: true
[13:23:24] [Server thread/INFO]: Arrow Despawn Rate: 1200 Trident Respawn Rate:1200
[13:23:24] [Server thread/INFO]: Nerfing mobs spawned from spawners: false
[13:23:24] [Server thread/INFO]: Experience Merge Radius: 3.0
[13:23:24] [Server thread/INFO]: Cactus Growth Modifier: 100%
[13:23:24] [Server thread/INFO]: Cane Growth Modifier: 100%
[13:23:24] [Server thread/INFO]: Melon Growth Modifier: 100%
[13:23:24] [Server thread/INFO]: Mushroom Growth Modifier: 100%
[13:23:24] [Server thread/INFO]: Pumpkin Growth Modifier: 100%
[13:23:24] [Server thread/INFO]: Sapling Growth Modifier: 100%
[13:23:24] [Server thread/INFO]: Beetroot Growth Modifier: 100%
[13:23:24] [Server thread/INFO]: Carrot Growth Modifier: 100%
[13:23:24] [Server thread/INFO]: Potato Growth Modifier: 100%
[13:23:24] [Server thread/INFO]: Wheat Growth Modifier: 100%
[13:23:24] [Server thread/INFO]: NetherWart Growth Modifier: 100%
[13:23:24] [Server thread/INFO]: Vine Growth Modifier: 100%
[13:23:24] [Server thread/INFO]: Cocoa Growth Modifier: 100%
[13:23:24] [Server thread/INFO]: Bamboo Growth Modifier: 100%
[13:23:24] [Server thread/INFO]: SweetBerry Growth Modifier: 100%
[13:23:24] [Server thread/INFO]: Kelp Growth Modifier: 100%
[13:23:24] [Server thread/INFO]: Entity Activation Range: An 32 / Mo 32 / Ra 48 / Mi 16 / Tiv true
[13:23:24] [Server thread/INFO]: Hopper Transfer: 8 Hopper Check: 1 Hopper Amount: 1
[13:23:24] [Server thread/INFO]: Custom Map Seeds:  Village: 10387312 Desert: 14357617 Igloo: 14357618 Jungle: 14357619 Swamp: 14357620 Monument: 10387313 Ocean: 14357621 Shipwreck: 165745295 End City: 10387313 Slime: 987234911 Bastion: 30084232 Fortress: 30084232 Mansion: 10387319 Fossil: 14357921 Portal: 34222645
[13:23:24] [Server thread/INFO]: Max TNT Explosions: 100
[13:23:24] [Server thread/INFO]: Tile Max Tick Time: 50ms Entity max Tick Time: 50ms
[13:23:24] [Server thread/INFO]: -------- World Settings For [world2_the_end] --------
[13:23:24] [Server thread/INFO]: Mob Spawn Range: 8
[13:23:24] [Server thread/INFO]: Entity Tracking Range: Pl 48 / An 48 / Mo 48 / Mi 32 / Other 64
[13:23:24] [Server thread/INFO]: Allow Zombie Pigmen to spawn from portal blocks: true
[13:23:24] [Server thread/INFO]: Item Merge Radius: 2.5
[13:23:24] [Server thread/INFO]: Item Despawn Rate: 6000
[13:23:24] [Server thread/INFO]: View Distance: 10
[13:23:24] [Server thread/INFO]: Zombie Aggressive Towards Villager: true
[13:23:24] [Server thread/INFO]: Arrow Despawn Rate: 1200 Trident Respawn Rate:1200
[13:23:24] [Server thread/INFO]: Nerfing mobs spawned from spawners: false
[13:23:24] [Server thread/INFO]: Experience Merge Radius: 3.0
[13:23:24] [Server thread/INFO]: Cactus Growth Modifier: 100%
[13:23:24] [Server thread/INFO]: Cane Growth Modifier: 100%
[13:23:24] [Server thread/INFO]: Melon Growth Modifier: 100%
[13:23:24] [Server thread/INFO]: Mushroom Growth Modifier: 100%
[13:23:24] [Server thread/INFO]: Pumpkin Growth Modifier: 100%
[13:23:24] [Server thread/INFO]: Sapling Growth Modifier: 100%
[13:23:24] [Server thread/INFO]: Beetroot Growth Modifier: 100%
[13:23:24] [Server thread/INFO]: Carrot Growth Modifier: 100%
[13:23:24] [Server thread/INFO]: Potato Growth Modifier: 100%
[13:23:24] [Server thread/INFO]: Wheat Growth Modifier: 100%
[13:23:24] [Server thread/INFO]: NetherWart Growth Modifier: 100%
[13:23:24] [Server thread/INFO]: Vine Growth Modifier: 100%
[13:23:24] [Server thread/INFO]: Cocoa Growth Modifier: 100%
[13:23:24] [Server thread/INFO]: Bamboo Growth Modifier: 100%
[13:23:24] [Server thread/INFO]: SweetBerry Growth Modifier: 100%
[13:23:24] [Server thread/INFO]: Kelp Growth Modifier: 100%
[13:23:24] [Server thread/INFO]: Entity Activation Range: An 32 / Mo 32 / Ra 48 / Mi 16 / Tiv true
[13:23:24] [Server thread/INFO]: Hopper Transfer: 8 Hopper Check: 1 Hopper Amount: 1
[13:23:24] [Server thread/INFO]: Custom Map Seeds:  Village: 10387312 Desert: 14357617 Igloo: 14357618 Jungle: 14357619 Swamp: 14357620 Monument: 10387313 Ocean: 14357621 Shipwreck: 165745295 End City: 10387313 Slime: 987234911 Bastion: 30084232 Fortress: 30084232 Mansion: 10387319 Fossil: 14357921 Portal: 34222645
[13:23:24] [Server thread/INFO]: Max TNT Explosions: 100
[13:23:24] [Server thread/INFO]: Tile Max Tick Time: 50ms Entity max Tick Time: 50ms
[13:23:24] [Server thread/INFO]: Preparing start region for dimension minecraft:overworld
[13:23:25] [Server thread/INFO]: Loaded 0 spawn chunks for world world2
[13:23:25] [Server thread/INFO]: Preparing spawn area: 0%
[13:23:25] [Server thread/INFO]: Preparing spawn area: 0%
[13:23:25] [Server thread/INFO]: Time elapsed: 595 ms
[13:23:25] [Server thread/INFO]: Preparing start region for dimension minecraft:the_nether
[13:23:25] [Server thread/INFO]: Loaded 0 spawn chunks for world world2_nether
[13:23:25] [Server thread/INFO]: Preparing spawn area: 0%
[13:23:25] [Server thread/INFO]: Time elapsed: 492 ms
[13:23:25] [Server thread/INFO]: Preparing start region for dimension minecraft:the_end
[13:23:25] [Server thread/INFO]: Loaded 0 spawn chunks for world world2_the_end
[13:23:26] [Server thread/INFO]: Preparing spawn area: 0%
[13:23:26] [Server thread/INFO]: Preparing spawn area: 0%
[13:23:26] [Server thread/INFO]: Time elapsed: 852 ms
[13:23:26] [Server thread/INFO]: [TestPlugin] Enabling TestPlugin v1.0*
[13:23:26] [Server thread/INFO]: [Multiverse-Core] Enabling Multiverse-Core v4.1.0-b775
[13:23:26] [Server thread/WARN]: [Multiverse-Core] "Multiverse-Core v4.1.0-b775" has registered a listener for org.bukkit.event.entity.EntityCreatePortalEvent on method "public void com.onarandombox.MultiverseCore.listeners.MVPortalListener.entityPortalCreate(org.bukkit.event.entity.EntityCreatePortalEvent)", but the event is Deprecated. "Server performance will be affected"; please notify the authors [Rigby, fernferret, lithium3141, main--, dumptruckman].
[13:23:26] [Server thread/INFO]: [Multiverse-Core] We are aware of the warning about the deprecated event. There is no alternative that allows us to do what we need to do. The performance impact is negligible.
[13:23:26] [Server thread/INFO]: -------- World Settings For [world1_the_end] --------
[13:23:26] [Server thread/INFO]: Mob Spawn Range: 8
[13:23:26] [Server thread/INFO]: Entity Tracking Range: Pl 48 / An 48 / Mo 48 / Mi 32 / Other 64
[13:23:26] [Server thread/INFO]: Allow Zombie Pigmen to spawn from portal blocks: true
[13:23:26] [Server thread/INFO]: Item Merge Radius: 2.5
[13:23:26] [Server thread/INFO]: Item Despawn Rate: 6000
[13:23:26] [Server thread/INFO]: View Distance: 10
[13:23:26] [Server thread/INFO]: Zombie Aggressive Towards Villager: true
[13:23:26] [Server thread/INFO]: Arrow Despawn Rate: 1200 Trident Respawn Rate:1200
[13:23:26] [Server thread/INFO]: Nerfing mobs spawned from spawners: false
[13:23:26] [Server thread/INFO]: Experience Merge Radius: 3.0
[13:23:26] [Server thread/INFO]: Cactus Growth Modifier: 100%
[13:23:26] [Server thread/INFO]: Cane Growth Modifier: 100%
[13:23:26] [Server thread/INFO]: Melon Growth Modifier: 100%
[13:23:26] [Server thread/INFO]: Mushroom Growth Modifier: 100%
[13:23:26] [Server thread/INFO]: Pumpkin Growth Modifier: 100%
[13:23:26] [Server thread/INFO]: Sapling Growth Modifier: 100%
[13:23:26] [Server thread/INFO]: Beetroot Growth Modifier: 100%
[13:23:26] [Server thread/INFO]: Carrot Growth Modifier: 100%
[13:23:26] [Server thread/INFO]: Potato Growth Modifier: 100%
[13:23:26] [Server thread/INFO]: Wheat Growth Modifier: 100%
[13:23:26] [Server thread/INFO]: NetherWart Growth Modifier: 100%
[13:23:26] [Server thread/INFO]: Vine Growth Modifier: 100%
[13:23:26] [Server thread/INFO]: Cocoa Growth Modifier: 100%
[13:23:26] [Server thread/INFO]: Bamboo Growth Modifier: 100%
[13:23:26] [Server thread/INFO]: SweetBerry Growth Modifier: 100%
[13:23:26] [Server thread/INFO]: Kelp Growth Modifier: 100%
[13:23:26] [Server thread/INFO]: Entity Activation Range: An 32 / Mo 32 / Ra 48 / Mi 16 / Tiv true
[13:23:26] [Server thread/INFO]: Hopper Transfer: 8 Hopper Check: 1 Hopper Amount: 1
[13:23:26] [Server thread/INFO]: Custom Map Seeds:  Village: 10387312 Desert: 14357617 Igloo: 14357618 Jungle: 14357619 Swamp: 14357620 Monument: 10387313 Ocean: 14357621 Shipwreck: 165745295 End City: 10387313 Slime: 987234911 Bastion: 30084232 Fortress: 30084232 Mansion: 10387319 Fossil: 14357921 Portal: 34222645
[13:23:26] [Server thread/INFO]: Max TNT Explosions: 100
[13:23:26] [Server thread/INFO]: Tile Max Tick Time: 50ms Entity max Tick Time: 50ms
[13:23:26] [Server thread/INFO]: Preparing start region for dimension minecraft:world1_the_end
[13:23:26] [Server thread/INFO]: Loaded 0 spawn chunks for world world1_the_end
[13:23:26] [Server thread/INFO]: Preparing spawn area: 0%
[13:23:27] [Server thread/INFO]: Time elapsed: 405 ms
[13:23:27] [Server thread/INFO]: -------- World Settings For [world1_nether] --------
[13:23:27] [Server thread/INFO]: Mob Spawn Range: 8
[13:23:27] [Server thread/INFO]: Entity Tracking Range: Pl 48 / An 48 / Mo 48 / Mi 32 / Other 64
[13:23:27] [Server thread/INFO]: Allow Zombie Pigmen to spawn from portal blocks: true
[13:23:27] [Server thread/INFO]: Item Merge Radius: 2.5
[13:23:27] [Server thread/INFO]: Item Despawn Rate: 6000
[13:23:27] [Server thread/INFO]: View Distance: 10
[13:23:27] [Server thread/INFO]: Zombie Aggressive Towards Villager: true
[13:23:27] [Server thread/INFO]: Arrow Despawn Rate: 1200 Trident Respawn Rate:1200
[13:23:27] [Server thread/INFO]: Nerfing mobs spawned from spawners: false
[13:23:27] [Server thread/INFO]: Experience Merge Radius: 3.0
[13:23:27] [Server thread/INFO]: Cactus Growth Modifier: 100%
[13:23:27] [Server thread/INFO]: Cane Growth Modifier: 100%
[13:23:27] [Server thread/INFO]: Melon Growth Modifier: 100%
[13:23:27] [Server thread/INFO]: Mushroom Growth Modifier: 100%
[13:23:27] [Server thread/INFO]: Pumpkin Growth Modifier: 100%
[13:23:27] [Server thread/INFO]: Sapling Growth Modifier: 100%
[13:23:27] [Server thread/INFO]: Beetroot Growth Modifier: 100%
[13:23:27] [Server thread/INFO]: Carrot Growth Modifier: 100%
[13:23:27] [Server thread/INFO]: Potato Growth Modifier: 100%
[13:23:27] [Server thread/INFO]: Wheat Growth Modifier: 100%
[13:23:27] [Server thread/INFO]: NetherWart Growth Modifier: 100%
[13:23:27] [Server thread/INFO]: Vine Growth Modifier: 100%
[13:23:27] [Server thread/INFO]: Cocoa Growth Modifier: 100%
[13:23:27] [Server thread/INFO]: Bamboo Growth Modifier: 100%
[13:23:27] [Server thread/INFO]: SweetBerry Growth Modifier: 100%
[13:23:27] [Server thread/INFO]: Kelp Growth Modifier: 100%
[13:23:27] [Server thread/INFO]: Entity Activation Range: An 32 / Mo 32 / Ra 48 / Mi 16 / Tiv true
[13:23:27] [Server thread/INFO]: Hopper Transfer: 8 Hopper Check: 1 Hopper Amount: 1
[13:23:27] [Server thread/INFO]: Custom Map Seeds:  Village: 10387312 Desert: 14357617 Igloo: 14357618 Jungle: 14357619 Swamp: 14357620 Monument: 10387313 Ocean: 14357621 Shipwreck: 165745295 End City: 10387313 Slime: 987234911 Bastion: 30084232 Fortress: 30084232 Mansion: 10387319 Fossil: 14357921 Portal: 34222645
[13:23:27] [Server thread/INFO]: Max TNT Explosions: 100
[13:23:27] [Server thread/INFO]: Tile Max Tick Time: 50ms Entity max Tick Time: 50ms
[13:23:27] [Server thread/INFO]: Preparing start region for dimension minecraft:world1_nether
[13:23:27] [Server thread/INFO]: Loaded 0 spawn chunks for world world1_nether
[13:23:27] [Server thread/INFO]: Preparing spawn area: 0%
[13:23:27] [Server thread/INFO]: Time elapsed: 256 ms
[13:23:27] [Server thread/INFO]: -------- World Settings For [world1] --------
[13:23:27] [Server thread/INFO]: Mob Spawn Range: 8
[13:23:27] [Server thread/INFO]: Entity Tracking Range: Pl 48 / An 48 / Mo 48 / Mi 32 / Other 64
[13:23:27] [Server thread/INFO]: Allow Zombie Pigmen to spawn from portal blocks: true
[13:23:27] [Server thread/INFO]: Item Merge Radius: 2.5
[13:23:27] [Server thread/INFO]: Item Despawn Rate: 6000
[13:23:27] [Server thread/INFO]: View Distance: 10
[13:23:27] [Server thread/INFO]: Zombie Aggressive Towards Villager: true
[13:23:27] [Server thread/INFO]: Arrow Despawn Rate: 1200 Trident Respawn Rate:1200
[13:23:27] [Server thread/INFO]: Nerfing mobs spawned from spawners: false
[13:23:27] [Server thread/INFO]: Experience Merge Radius: 3.0
[13:23:27] [Server thread/INFO]: Cactus Growth Modifier: 100%
[13:23:27] [Server thread/INFO]: Cane Growth Modifier: 100%
[13:23:27] [Server thread/INFO]: Melon Growth Modifier: 100%
[13:23:27] [Server thread/INFO]: Mushroom Growth Modifier: 100%
[13:23:27] [Server thread/INFO]: Pumpkin Growth Modifier: 100%
[13:23:27] [Server thread/INFO]: Sapling Growth Modifier: 100%
[13:23:27] [Server thread/INFO]: Beetroot Growth Modifier: 100%
[13:23:27] [Server thread/INFO]: Carrot Growth Modifier: 100%
[13:23:27] [Server thread/INFO]: Potato Growth Modifier: 100%
[13:23:27] [Server thread/INFO]: Wheat Growth Modifier: 100%
[13:23:27] [Server thread/INFO]: NetherWart Growth Modifier: 100%
[13:23:27] [Server thread/INFO]: Vine Growth Modifier: 100%
[13:23:27] [Server thread/INFO]: Cocoa Growth Modifier: 100%
[13:23:27] [Server thread/INFO]: Bamboo Growth Modifier: 100%
[13:23:27] [Server thread/INFO]: SweetBerry Growth Modifier: 100%
[13:23:27] [Server thread/INFO]: Kelp Growth Modifier: 100%
[13:23:27] [Server thread/INFO]: Entity Activation Range: An 32 / Mo 32 / Ra 48 / Mi 16 / Tiv true
[13:23:27] [Server thread/INFO]: Hopper Transfer: 8 Hopper Check: 1 Hopper Amount: 1
[13:23:27] [Server thread/INFO]: Custom Map Seeds:  Village: 10387312 Desert: 14357617 Igloo: 14357618 Jungle: 14357619 Swamp: 14357620 Monument: 10387313 Ocean: 14357621 Shipwreck: 165745295 End City: 10387313 Slime: 987234911 Bastion: 30084232 Fortress: 30084232 Mansion: 10387319 Fossil: 14357921 Portal: 34222645
[13:23:27] [Server thread/INFO]: Max TNT Explosions: 100
[13:23:27] [Server thread/INFO]: Tile Max Tick Time: 50ms Entity max Tick Time: 50ms
[13:23:27] [Server thread/INFO]: Preparing start region for dimension minecraft:world1
[13:23:27] [Server thread/INFO]: Loaded 0 spawn chunks for world world1
[13:23:27] [Server thread/INFO]: Preparing spawn area: 0%
[13:23:27] [Server thread/INFO]: Time elapsed: 196 ms
[13:23:27] [Server thread/INFO]: [Multiverse-Core] 6 - World(s) loaded.
[13:23:28] [Server thread/WARN]: Warning: Nashorn engine is planned to be removed from a future JDK release
[13:23:28] [Server thread/INFO]: [Multiverse-Core] Version 4.1.0-b775 (API v24) Enabled - By Rigby, fernferret, lithium3141, main-- and dumptruckman
[13:23:28] [Server thread/INFO]: [Multiverse-Core] Help dumptruckman keep this project alive. Become a patron! https://www.patreon.com/dumptruckman
[13:23:28] [Server thread/INFO]: [Multiverse-Core] One time donations are also appreciated: https://www.paypal.me/dumptruckman
[13:23:28] [Server thread/INFO]: Running delayed init tasks
[13:23:28] [Server thread/INFO]: Done (9.018s)! For help, type "help"
[13:23:28] [Server thread/INFO]: Timings Reset
[13:23:33] [User Authenticator #1/INFO]: UUID of player valzalan is 08e5b30f-dd25-4081-af06-9726f850543e
[13:23:33] [Server thread/INFO]: valzalan joined the game
[13:23:33] [Server thread/INFO]: valzalan[/127.0.0.1:59686] logged in with entity id 349 at ([world2]-224.0, 71.0, 128.0)
[13:23:40] [Server thread/INFO]: valzalan issued server command: /myjump world2
[13:23:46] [Server thread/INFO]: valzalan issued server command: /myjump world1
[13:23:52] [Server thread/INFO]: valzalan lost connection: Disconnected
[13:23:52] [Server thread/INFO]: valzalan left the game
[13:53:54] [Server thread/INFO]: Stopping the server
[13:53:54] [Server thread/INFO]: Stopping server (Ignore any thread death message you see! - DO NOT REPORT THREAD DEATH TO PAPER)
[13:53:54] [Server thread/INFO]: [Multiverse-Core] Disabling Multiverse-Core v4.1.0-b775
[13:53:54] [Server thread/INFO]: [TestPlugin] Disabling TestPlugin v1.0
[13:53:59] [Server thread/ERROR]: Nag author: 'Rigby' of 'Multiverse-Core' about the following: This plugin is not properly shutting down its async tasks when it is being shut down. This task may throw errors during the final shutdown logs and might not complete before process dies.
[13:53:59] [Server thread/INFO]: Saving players
[13:53:59] [Server thread/INFO]: Saving worlds
[13:53:59] [Server thread/INFO]: Saving chunks for level 'ServerLevel[world2]'/minecraft:overworld
[13:53:59] [Server thread/INFO]: ThreadedAnvilChunkStorage (world2): All chunks are saved
[13:53:59] [Server thread/INFO]: Saving chunks for level 'ServerLevel[world2_nether]'/minecraft:the_nether
[13:53:59] [Server thread/INFO]: ThreadedAnvilChunkStorage (DIM-1): All chunks are saved
[13:53:59] [Server thread/INFO]: Saving chunks for level 'ServerLevel[world2_the_end]'/minecraft:the_end
[13:53:59] [Server thread/INFO]: ThreadedAnvilChunkStorage (DIM1): All chunks are saved
[13:53:59] [Server thread/INFO]: Saving chunks for level 'ServerLevel[world1_the_end]'/minecraft:world1_the_end
[13:53:59] [Server thread/INFO]: ThreadedAnvilChunkStorage (DIM1): All chunks are saved
[13:53:59] [Server thread/INFO]: Saving chunks for level 'ServerLevel[world1_nether]'/minecraft:world1_nether
[13:53:59] [Server thread/INFO]: ThreadedAnvilChunkStorage (DIM-1): All chunks are saved
[13:53:59] [Server thread/INFO]: Saving chunks for level 'ServerLevel[world1]'/minecraft:world1
[13:53:59] [Server thread/INFO]: ThreadedAnvilChunkStorage (world1): All chunks are saved
[13:53:59] [Server thread/INFO]: ThreadedAnvilChunkStorage (world2): All chunks are saved
[13:53:59] [Server thread/INFO]: ThreadedAnvilChunkStorage (DIM-1): All chunks are saved
[13:53:59] [Server thread/INFO]: ThreadedAnvilChunkStorage (DIM1): All chunks are saved
[13:53:59] [Server thread/INFO]: ThreadedAnvilChunkStorage (DIM1): All chunks are saved
[13:54:00] [Server thread/INFO]: ThreadedAnvilChunkStorage (DIM-1): All chunks are saved
[13:54:00] [Server thread/INFO]: ThreadedAnvilChunkStorage (world1): All chunks are saved
[13:54:00] [Server thread/INFO]: Flushing Chunk IO
[13:54:00] [Server thread/INFO]: Closing Thread Pool
[13:54:00] [Server thread/INFO]: Closing Server
